[09-11-2021:01_11_58]: Framework Initialize
[09-11-2021:01_11_58]: Configuration properties :: Browser [Chrome] - Device [PC] - Operative System [windows 10]
[09-11-2021:01_11_58]: Environment [Integration]
[09-11-2021:01_11_58]: Executed time 00:00:02:2100
[09-11-2021:01_11_58]: Error found org.openqa.selenium.SessionNotCreatedException: session not created: This version of ChromeDriver only supports Chrome version 93
Current browser version is 95.0.4638.69 with binary path C:\Program Files\Google\Chrome\Application\chrome.exe
Build info: version: '3.141.59', revision: 'e82be7d358', time: '2018-11-14T08:17:03'
System info: host: 'USER', ip: '172.31.224.1', os.name: 'Windows 10', os.arch: 'amd64', os.version: '10.0', java.version: '1.8.0_121'
Driver info: driver.version: ChromeDriver
remote stacktrace: Backtrace:
	Ordinal0 [0x00BDD403+2479107]
	Ordinal0 [0x00B77D51+2063697]
	Ordinal0 [0x00A820C8+1056968]
	Ordinal0 [0x00AA043A+1180730]
	Ordinal0 [0x00A9C355+1164117]
	Ordinal0 [0x00A99B7F+1153919]
	Ordinal0 [0x00AC9CBF+1350847]
	Ordinal0 [0x00AC992A+1349930]
	Ordinal0 [0x00AC583B+1333307]
	Ordinal0 [0x00AA1F94+1187732]
	Ordinal0 [0x00AA2DE9+1191401]
	GetHandleVerifier [0x00D5F3F6+1531734]
	GetHandleVerifier [0x00E0E9AE+2249998]
	GetHandleVerifier [0x00C639AB+501003]
	GetHandleVerifier [0x00C62A29+497033]
	Ordinal0 [0x00B7D11D+2085149]
	Ordinal0 [0x00B811C8+2101704]
	Ordinal0 [0x00B81302+2102018]
	Ordinal0 [0x00B8AA71+2140785]
	BaseThreadInitThunk [0x761DFA29+25]
	RtlGetAppContainerNamedObjectPath [0x77EA7A9E+286]
	RtlGetAppContainerNamedObjectPath [0x77EA7A6E+238]

